<?xml version="1.0" encoding="UTF-8"?>
<!-- Generated by org.testng.reporters.JUnitXMLReporter -->
<testsuite hostname="Shivansh-atl" ignored="0" name="Command line test" tests="1" failures="0" timestamp="13 Feb 2019 10:51:04 GMT" time="6.567" errors="0">
  <testcase name="@BeforeClass setUp" time="4.064" classname="com.webdriver.TestCases.TCAkeoTech">
    <failure type="java.lang.NullPointerException">
      <![CDATA[java.lang.NullPointerException
at com.webdriver.TestCases.TCAkeoTech.setUp(TCAkeoTech.java:32)
at com.webdriver.Runner.Main.RunAkeoTech(Main.java:62)
at com.webdriver.Runner.Main.main(Main.java:32)
... Removed 23 stack frames]]>
    </failure>
  </testcase> <!-- @BeforeClass setUp -->
  <testcase name="@AfterClass tearDown" time="0.002" classname="com.webdriver.TestCases.TCAkeoTech">
    <failure type="java.lang.NullPointerException">
      <![CDATA[java.lang.NullPointerException
at com.webdriver.TestCases.TCAkeoTech.tearDown(TCAkeoTech.java:77)
at com.webdriver.Runner.Main.RunAkeoTech(Main.java:62)
at com.webdriver.Runner.Main.main(Main.java:32)
... Removed 23 stack frames]]>
    </failure>
  </testcase> <!-- @AfterClass tearDown -->
  <testcase name="testTech" time="0.0" classname="com.webdriver.TestCases.TCAkeoTech">
    <skipped/>
  </testcase> <!-- testTech -->
</testsuite> <!-- Command line test -->
